d:\source\repos\mrbattary\platformer\platformer\x64\debug\vc142.pdb
d:\source\repos\mrbattary\platformer\platformer\x64\debug\vc142.idb
d:\source\repos\mrbattary\platformer\platformer\x64\debug\optimizedfunctionsanimationchero.obj
d:\source\repos\mrbattary\platformer\platformer\x64\debug\optimizedfunctionsanimation.obj
d:\source\repos\mrbattary\platformer\platformer\x64\debug\main.obj
d:\source\repos\mrbattary\platformer\platformer\x64\debug\engineintersection.obj
d:\source\repos\mrbattary\platformer\platformer\x64\debug\functionsofmapsnpc.obj
d:\source\repos\mrbattary\platformer\platformer\x64\debug\functionscobjectdwall.obj
d:\source\repos\mrbattary\platformer\platformer\x64\debug\functionscobjectdmapfirst.obj
d:\source\repos\mrbattary\platformer\platformer\x64\debug\functionscobjectanimdreed.obj
d:\source\repos\mrbattary\platformer\platformer\x64\debug\functionscobjectanim.obj
d:\source\repos\mrbattary\platformer\platformer\x64\debug\functionscobject.obj
d:\source\repos\mrbattary\platformer\platformer\x64\debug\functionscnpcfriendlytalkingdwoman.obj
d:\source\repos\mrbattary\platformer\platformer\x64\debug\functionscnpc.obj
d:\source\repos\mrbattary\platformer\platformer\x64\debug\functionschero.obj
d:\source\repos\mrbattary\platformer\platformer\x64\debug\controlsсhero.obj
d:\source\repos\mrbattary\platformer\platformer\x64\debug\functionscnpcfriendlydbunny.obj
d:\source\repos\mrbattary\platformer\platformer\x64\debug\functionscobjectanimdgrass.obj
d:\source\repos\mrbattary\platformer\platformer\x64\debug\functionscnpcenemycommondlight.obj
d:\source\repos\mrbattary\platformer\platformer\x64\debug\functionscnpcenemycommondhight.obj
d:\source\repos\mrbattary\platformer\platformer\x64\debug\viewsandwindow.obj
d:\source\repos\mrbattary\platformer\platformer\x64\debug\pillars.obj
d:\source\repos\mrbattary\platformer\platformer\x64\debug\enginephysics.obj
d:\source\repos\mrbattary\platformer\platformer\x64\debug\optimizedrandom.obj
d:\source\repos\mrbattary\platformer\platformer\x64\debug\functionscobjectdmapundfirst.obj
d:\source\repos\mrbattary\platformer\platformer\x64\debug\functionsofmaps.obj
d:\source\repos\mrbattary\platformer\x64\debug\platformer.exe
d:\source\repos\mrbattary\platformer\x64\debug\platformer.pdb
g:\program\microsoft visual studio\project\новая папка\platformer-master\platformer\x64\debug\controlsсhero.obj
g:\program\microsoft visual studio\project\новая папка\platformer-master\platformer\x64\debug\engineintersection.obj
g:\program\microsoft visual studio\project\новая папка\platformer-master\platformer\x64\debug\enginephysics.obj
g:\program\microsoft visual studio\project\новая папка\platformer-master\platformer\x64\debug\functionscdnpcfriendlybunny.obj
g:\program\microsoft visual studio\project\новая папка\platformer-master\platformer\x64\debug\functionscdnpcfriendlytalkingwoman.obj
g:\program\microsoft visual studio\project\новая папка\platformer-master\platformer\x64\debug\functionschero.obj
g:\program\microsoft visual studio\project\новая папка\platformer-master\platformer\x64\debug\functionscnpc.obj
g:\program\microsoft visual studio\project\новая папка\platformer-master\platformer\x64\debug\functionscnpcenemycommondhight.obj
g:\program\microsoft visual studio\project\новая папка\platformer-master\platformer\x64\debug\functionscnpcenemycommondlight.obj
g:\program\microsoft visual studio\project\новая папка\platformer-master\platformer\x64\debug\functionscnpcfriendlydbunny.obj
g:\program\microsoft visual studio\project\новая папка\platformer-master\platformer\x64\debug\functionscnpcfriendlytalkingdwoman.obj
g:\program\microsoft visual studio\project\новая папка\platformer-master\platformer\x64\debug\functionscnpcfriendlytalkingwoman.obj
g:\program\microsoft visual studio\project\новая папка\platformer-master\platformer\x64\debug\functionscobject.obj
g:\program\microsoft visual studio\project\новая папка\platformer-master\platformer\x64\debug\functionscobjectanim.obj
g:\program\microsoft visual studio\project\новая папка\platformer-master\platformer\x64\debug\functionscobjectanimdgrass.obj
g:\program\microsoft visual studio\project\новая папка\platformer-master\platformer\x64\debug\functionscobjectanimdreed.obj
g:\program\microsoft visual studio\project\новая папка\platformer-master\platformer\x64\debug\functionscobjectdmapfirst.obj
g:\program\microsoft visual studio\project\новая папка\platformer-master\platformer\x64\debug\functionscobjectdmapundfirst.obj
g:\program\microsoft visual studio\project\новая папка\platformer-master\platformer\x64\debug\functionscobjectdwall.obj
g:\program\microsoft visual studio\project\новая папка\platformer-master\platformer\x64\debug\functionsofmaps.obj
g:\program\microsoft visual studio\project\новая папка\platformer-master\platformer\x64\debug\functionsofmapsnpc.obj
g:\program\microsoft visual studio\project\новая папка\platformer-master\platformer\x64\debug\functionsofmapsnpcfriendly.obj
g:\program\microsoft visual studio\project\новая папка\platformer-master\platformer\x64\debug\main.obj
g:\program\microsoft visual studio\project\новая папка\platformer-master\platformer\x64\debug\optimizedfunctionsanimation.obj
g:\program\microsoft visual studio\project\новая папка\platformer-master\platformer\x64\debug\optimizedfunctionsanimationchero.obj
g:\program\microsoft visual studio\project\новая папка\platformer-master\platformer\x64\debug\optimizedrandom.obj
g:\program\microsoft visual studio\project\новая папка\platformer-master\platformer\x64\debug\physicsengine.obj
g:\program\microsoft visual studio\project\новая папка\platformer-master\platformer\x64\debug\pillars.obj
g:\program\microsoft visual studio\project\новая папка\platformer-master\platformer\x64\debug\viewsandwindow.obj
g:\program\microsoft visual studio\project\новая папка\platformer-master\platformer\x64\debug\vc142.idb
g:\program\microsoft visual studio\project\новая папка\platformer-master\platformer\x64\debug\vc142.pdb
g:\program\microsoft visual studio\project\новая папка\platformer-master\x64\debug\platformer.pdb
g:\program\microsoft visual studio\project\новая папка\platformer-master\x64\debug\platformer.exe
g:\program\microsoft visual studio\project\новая папка\platformer-master\platformer\x64\debug\platformer.tlog\cl.command.1.tlog
g:\program\microsoft visual studio\project\новая папка\platformer-master\platformer\x64\debug\platformer.tlog\cl.read.1.tlog
g:\program\microsoft visual studio\project\новая папка\platformer-master\platformer\x64\debug\platformer.tlog\cl.write.1.tlog
g:\program\microsoft visual studio\project\новая папка\platformer-master\platformer\x64\debug\platformer.tlog\link.command.1.tlog
g:\program\microsoft visual studio\project\новая папка\platformer-master\platformer\x64\debug\platformer.tlog\link.delete.1.tlog
g:\program\microsoft visual studio\project\новая папка\platformer-master\platformer\x64\debug\platformer.tlog\link.read.1.tlog
g:\program\microsoft visual studio\project\новая папка\platformer-master\platformer\x64\debug\platformer.tlog\link.write.1.tlog
